<?xml version="1.0" encoding="UTF-8"?>
<!-- Generated by org.testng.reporters.JUnitReportReporter -->
<testsuite hostname="saira" failures="0" tests="1" name="test.LoginTest" time="24.671" errors="0" timestamp="2024-02-05T19:27:41 CST" skipped="0">
  <testcase classname="test.LoginTest" name="validUserShouldBeAbleToLogin" time="24.671"/>
</testsuite> <!-- test.LoginTest -->
