<?xml version="1.0" encoding="UTF-8"?>
<!-- Generated by org.testng.reporters.JUnitReportReporter -->
<testsuite hostname="saira" failures="0" tests="1" name="test.NewCustomerTest" time="17.234" errors="0" timestamp="2024-02-05T19:27:41 CST" skipped="0">
  <testcase classname="test.NewCustomerTest" name="userShouldBeAbleToAddCustomer" time="17.234"/>
</testsuite> <!-- test.NewCustomerTest -->
